/Users/prefer/.virtualenvs/scrapy1/bin/python /Applications/PyCharm.app/Contents/helpers/pydev/pydevd.py --multiproc --qt-support=auto --client 127.0.0.1 --port 64105 --file /Users/prefer/src/tmp/cl-doc-crawler/doc/run.py --folder /Users/prefer/src/cloudlinux-doc/docs --base-url=https://docs-test.cloudlinux.com --start-url=https://docs-test.cloudlinux.com/cldocs2_content.html
pydev debugger: process 51709 is connecting

Connected to pydev debugger (build 183.5429.31)
2019-03-15 12:38:51 [scrapy.utils.log] INFO: Scrapy 1.5.1 started (bot: doc)
2019-03-15 12:38:51 [scrapy.utils.log] INFO: Versions: lxml 4.2.5.0, libxml2 2.9.8, cssselect 1.0.3, parsel 1.5.0, w3lib 1.19.0, Twisted 18.7.0, Python 3.6.0b4 (v3.6.0b4:18496abdb3d5, Nov 21 2016, 20:44:47) - [GCC 4.2.1 (Apple Inc. build 5666) (dot 3)], pyOpenSSL 18.0.0 (OpenSSL 1.1.0i  14 Aug 2018), cryptography 2.3.1, Platform Darwin-18.2.0-x86_64-i386-64bit
2019-03-15 12:38:51 [scrapy.crawler] INFO: Overridden settings: {'BOT_NAME': 'doc', 'NEWSPIDER_MODULE': 'doc.spiders', 'ROBOTSTXT_OBEY': True, 'SPIDER_MODULES': ['doc.spiders']}
2019-03-15 12:38:51 [scrapy.middleware] INFO: Enabled extensions:
['scrapy.extensions.corestats.CoreStats',
 'scrapy.extensions.telnet.TelnetConsole',
 'scrapy.extensions.memusage.MemoryUsage',
 'scrapy.extensions.logstats.LogStats']
2019-03-15 12:38:51 [scrapy.middleware] INFO: Enabled downloader middlewares:
['scrapy.downloadermiddlewares.robotstxt.RobotsTxtMiddleware',
 'scrapy.downloadermiddlewares.httpauth.HttpAuthMiddleware',
 'scrapy.downloadermiddlewares.downloadtimeout.DownloadTimeoutMiddleware',
 'scrapy.downloadermiddlewares.defaultheaders.DefaultHeadersMiddleware',
 'scrapy.downloadermiddlewares.useragent.UserAgentMiddleware',
 'scrapy.downloadermiddlewares.retry.RetryMiddleware',
 'scrapy.downloadermiddlewares.redirect.MetaRefreshMiddleware',
 'scrapy.downloadermiddlewares.httpcompression.HttpCompressionMiddleware',
 'scrapy.downloadermiddlewares.redirect.RedirectMiddleware',
 'scrapy.downloadermiddlewares.cookies.CookiesMiddleware',
 'scrapy.downloadermiddlewares.httpproxy.HttpProxyMiddleware',
 'scrapy.downloadermiddlewares.stats.DownloaderStats']
2019-03-15 12:38:51 [scrapy.middleware] INFO: Enabled spider middlewares:
['scrapy.spidermiddlewares.httperror.HttpErrorMiddleware',
 'scrapy.spidermiddlewares.offsite.OffsiteMiddleware',
 'scrapy.spidermiddlewares.referer.RefererMiddleware',
 'scrapy.spidermiddlewares.urllength.UrlLengthMiddleware',
 'scrapy.spidermiddlewares.depth.DepthMiddleware']
2019-03-15 12:38:51 [scrapy.middleware] INFO: Enabled item pipelines:
[]
2019-03-15 12:38:51 [scrapy.core.engine] INFO: Spider opened
2019-03-15 12:38:51 [scrapy.extensions.logstats] INFO: Crawled 0 pages (at 0 pages/min), scraped 0 items (at 0 items/min)
2019-03-15 12:38:51 [scrapy.extensions.telnet] DEBUG: Telnet console listening on 127.0.0.1:6023
2019-03-15 12:38:52 [scrapy.core.engine] DEBUG: Crawled (404) <GET https://docs-test.cloudlinux.com/robots.txt> (referer: None)
2019-03-15 12:38:55 [scrapy.core.engine] DEBUG: Crawled (200) <GET https://docs-test.cloudlinux.com/cldocs2_content.html> (referer: None)
2019-03-15 12:38:56 [scrapy.core.engine] DEBUG: Crawled (200) <GET https://docs-test.cloudlinux.com/cloudlinux_installation.html> (referer: https://docs-test.cloudlinux.com/cldocs2_content.html)
2019-03-15 12:39:06 [scrapy.core.engine] DEBUG: Crawled (200) <GET https://docs-test.cloudlinux.com/converting_existing_servers.html> (referer: https://docs-test.cloudlinux.com/cloudlinux_installation.html)
2019-03-15 12:39:07 [scrapy.core.engine] DEBUG: Crawled (200) <GET https://docs-test.cloudlinux.com/advanced_options_for_cldeploy.html> (referer: https://docs-test.cloudlinux.com/converting_existing_servers.html)
2019-03-15 12:39:12 [scrapy.core.engine] DEBUG: Crawled (200) <GET https://docs-test.cloudlinux.com/changes.html> (referer: https://docs-test.cloudlinux.com/advanced_options_for_cldeploy.html)
2019-03-15 12:39:12 [scrapy.core.engine] DEBUG: Crawled (200) <GET https://docs-test.cloudlinux.com/installing_new_servers.html> (referer: https://docs-test.cloudlinux.com/changes.html)
2019-03-15 12:39:12 [scrapy.core.engine] DEBUG: Crawled (200) <GET https://docs-test.cloudlinux.com/cloudlinux_os_images.html> (referer: https://docs-test.cloudlinux.com/installing_new_servers.html)
2019-03-15 12:39:13 [scrapy.core.engine] DEBUG: Crawled (200) <GET https://docs-test.cloudlinux.com/xen_images.html> (referer: https://docs-test.cloudlinux.com/cloudlinux_os_images.html)
2019-03-15 12:39:13 [scrapy.core.engine] DEBUG: Crawled (200) <GET https://docs-test.cloudlinux.com/net_install.html> (referer: https://docs-test.cloudlinux.com/xen_images.html)
2019-03-15 12:39:16 [scrapy.core.engine] DEBUG: Crawled (200) <GET https://docs-test.cloudlinux.com/h-sphere_server.html> (referer: https://docs-test.cloudlinux.com/net_install.html)
2019-03-15 12:39:17 [scrapy.core.engine] DEBUG: Crawled (200) <GET https://docs-test.cloudlinux.com/mod_fastcgi_to_mod_fcgid.html> (referer: https://docs-test.cloudlinux.com/h-sphere_server.html)
2019-03-15 12:39:51 [scrapy.extensions.logstats] INFO: Crawled 12 pages (at 12 pages/min), scraped 0 items (at 0 items/min)
2019-03-15 12:39:51 [scrapy.core.engine] DEBUG: Crawled (200) <GET https://docs-test.cloudlinux.com/virtuozzo_and_openvz.html> (referer: https://docs-test.cloudlinux.com/mod_fastcgi_to_mod_fcgid.html)
2019-03-15 12:39:53 [scrapy.core.engine] DEBUG: Crawled (200) <GET https://docs-test.cloudlinux.com/trial_license.html> (referer: https://docs-test.cloudlinux.com/virtuozzo_and_openvz.html)
2019-03-15 12:39:54 [scrapy.core.engine] DEBUG: Crawled (200) <GET https://docs-test.cloudlinux.com/registering.html> (referer: https://docs-test.cloudlinux.com/trial_license.html)
2019-03-15 12:39:54 [scrapy.core.engine] DEBUG: Crawled (200) <GET https://docs-test.cloudlinux.com/digitalocean.html> (referer: https://docs-test.cloudlinux.com/registering.html)
2019-03-15 12:40:04 [scrapy.core.engine] DEBUG: Crawled (200) <GET https://docs-test.cloudlinux.com/linode_kvm.html> (referer: https://docs-test.cloudlinux.com/digitalocean.html)
2019-03-15 12:40:08 [scrapy.core.engine] DEBUG: Crawled (200) <GET https://docs-test.cloudlinux.com/lilo_boot_loader.html> (referer: https://docs-test.cloudlinux.com/linode_kvm.html)
2019-03-15 12:40:09 [scrapy.core.engine] DEBUG: Crawled (200) <GET https://docs-test.cloudlinux.com/cpanel_easyapache_4.html> (referer: https://docs-test.cloudlinux.com/lilo_boot_loader.html)
2019-03-15 12:40:12 [scrapy.core.engine] DEBUG: Crawled (200) <GET https://docs-test.cloudlinux.com/faq.html> (referer: https://docs-test.cloudlinux.com/cpanel_easyapache_4.html)
2019-03-15 12:40:29 [scrapy.core.engine] DEBUG: Crawled (200) <GET https://docs-test.cloudlinux.com/uninstall.html> (referer: https://docs-test.cloudlinux.com/faq.html)
2019-03-15 12:40:32 [scrapy.core.engine] DEBUG: Crawled (200) <GET https://docs-test.cloudlinux.com/limits.html> (referer: https://docs-test.cloudlinux.com/uninstall.html)
2019-03-15 12:40:35 [scrapy.core.engine] DEBUG: Crawled (200) <GET https://docs-test.cloudlinux.com/lve.html> (referer: https://docs-test.cloudlinux.com/limits.html)
2019-03-15 12:40:37 [scrapy.core.engine] DEBUG: Crawled (200) <GET https://docs-test.cloudlinux.com/limits_command_line_tools.html> (referer: https://docs-test.cloudlinux.com/lve.html)
2019-03-15 12:40:40 [scrapy.core.engine] DEBUG: Crawled (200) <GET https://docs-test.cloudlinux.com/lvectl.html> (referer: https://docs-test.cloudlinux.com/limits_command_line_tools.html)
2019-03-15 12:40:42 [scrapy.core.engine] DEBUG: Crawled (200) <GET https://docs-test.cloudlinux.com/lveps.html> (referer: https://docs-test.cloudlinux.com/lvectl.html)
2019-03-15 12:40:42 [scrapy.core.engine] DEBUG: Crawled (200) <GET https://docs-test.cloudlinux.com/lvetop.html> (referer: https://docs-test.cloudlinux.com/lveps.html)
2019-03-15 12:40:44 [scrapy.core.engine] DEBUG: Crawled (200) <GET https://docs-test.cloudlinux.com/cldetect.html> (referer: https://docs-test.cloudlinux.com/lvetop.html)
2019-03-15 12:40:44 [scrapy.core.engine] DEBUG: Crawled (200) <GET https://docs-test.cloudlinux.com/speed_limits.html> (referer: https://docs-test.cloudlinux.com/cldetect.html)
2019-03-15 12:40:48 [scrapy.core.engine] DEBUG: Crawled (200) <GET https://docs-test.cloudlinux.com/cpu_limits.html> (referer: https://docs-test.cloudlinux.com/speed_limits.html)
2019-03-15 12:40:49 [scrapy.core.engine] DEBUG: Crawled (200) <GET https://docs-test.cloudlinux.com/memory_limits.html> (referer: https://docs-test.cloudlinux.com/cpu_limits.html)
2019-03-15 12:40:49 [scrapy.core.engine] DEBUG: Crawled (200) <GET https://docs-test.cloudlinux.com/io_limits.html> (referer: https://docs-test.cloudlinux.com/memory_limits.html)
2019-03-15 12:40:50 [scrapy.core.engine] DEBUG: Crawled (200) <GET https://docs-test.cloudlinux.com/iops_limits.html> (referer: https://docs-test.cloudlinux.com/io_limits.html)
2019-03-15 12:40:50 [scrapy.core.engine] DEBUG: Crawled (200) <GET https://docs-test.cloudlinux.com/entry_processes_limit.html> (referer: https://docs-test.cloudlinux.com/iops_limits.html)
2019-03-15 12:40:51 [scrapy.core.engine] DEBUG: Crawled (200) <GET https://docs-test.cloudlinux.com/number_of_processes_limit.html> (referer: https://docs-test.cloudlinux.com/entry_processes_limit.html)
2019-03-15 12:40:51 [scrapy.extensions.logstats] INFO: Crawled 35 pages (at 23 pages/min), scraped 0 items (at 0 items/min)
2019-03-15 12:40:52 [scrapy.core.engine] DEBUG: Crawled (200) <GET https://docs-test.cloudlinux.com/network_limits.html> (referer: https://docs-test.cloudlinux.com/number_of_processes_limit.html)
2019-03-15 12:40:54 [scrapy.core.engine] DEBUG: Crawled (200) <GET https://docs-test.cloudlinux.com/compatiblity_matrix.html> (referer: https://docs-test.cloudlinux.com/network_limits.html)
2019-03-15 12:40:57 [scrapy.core.engine] DEBUG: Crawled (200) <GET https://docs-test.cloudlinux.com/integration_components.html> (referer: https://docs-test.cloudlinux.com/compatiblity_matrix.html)
2019-03-15 12:40:58 [scrapy.core.engine] DEBUG: Crawled (200) <GET https://docs-test.cloudlinux.com/lve_pam_module.html> (referer: https://docs-test.cloudlinux.com/integration_components.html)
2019-03-15 12:40:59 [scrapy.core.engine] DEBUG: Crawled (200) <GET https://docs-test.cloudlinux.com/lve_wrappers.html> (referer: https://docs-test.cloudlinux.com/lve_pam_module.html)
2019-03-15 12:40:59 [scrapy.core.engine] DEBUG: Crawled (200) <GET https://docs-test.cloudlinux.com/mpm_itk_support.html> (referer: https://docs-test.cloudlinux.com/lve_wrappers.html)
2019-03-15 12:41:51 [scrapy.extensions.logstats] INFO: Crawled 41 pages (at 6 pages/min), scraped 0 items (at 0 items/min)
2019-03-15 12:42:51 [scrapy.extensions.logstats] INFO: Crawled 41 pages (at 0 pages/min), scraped 0 items (at 0 items/min)
2019-03-15 12:43:51 [scrapy.extensions.logstats] INFO: Crawled 41 pages (at 0 pages/min), scraped 0 items (at 0 items/min)
2019-03-15 12:44:00 [scrapy.downloadermiddlewares.retry] DEBUG: Retrying <GET https://docs-test.cloudlinux.com/hostinglimits_module_for_apache.html> (failed 1 times): User timeout caused connection failure: Getting https://docs-test.cloudlinux.com/hostinglimits_module_for_apache.html took longer than 180.0 seconds..
2019-03-15 12:44:02 [scrapy.core.engine] DEBUG: Crawled (200) <GET https://docs-test.cloudlinux.com/hostinglimits_module_for_apache.html> (referer: https://docs-test.cloudlinux.com/mpm_itk_support.html)
2019-03-15 12:44:03 [scrapy.core.engine] DEBUG: Crawled (200) <GET https://docs-test.cloudlinux.com/redis_support_for_hostinglimits.html> (referer: https://docs-test.cloudlinux.com/hostinglimits_module_for_apache.html)
2019-03-15 12:44:03 [scrapy.core.engine] DEBUG: Crawled (200) <GET https://docs-test.cloudlinux.com/cpanel_whm_json_api.html> (referer: https://docs-test.cloudlinux.com/redis_support_for_hostinglimits.html)
2019-03-15 12:44:03 [scrapy.core.engine] DEBUG: Crawled (200) <GET https://docs-test.cloudlinux.com/cpanel_lve_extension.html> (referer: https://docs-test.cloudlinux.com/cpanel_whm_json_api.html)
2019-03-15 12:44:12 [scrapy.core.engine] DEBUG: Crawled (200) <GET https://docs-test.cloudlinux.com/lve_manager.html> (referer: https://docs-test.cloudlinux.com/cpanel_lve_extension.html)
2019-03-15 12:44:13 [scrapy.core.engine] DEBUG: Crawled (200) <GET https://docs-test.cloudlinux.com/dashboard.html> (referer: https://docs-test.cloudlinux.com/lve_manager.html)
2019-03-15 12:44:15 [scrapy.core.engine] DEBUG: Crawled (200) <GET https://docs-test.cloudlinux.com/installation-wizard.html> (referer: https://docs-test.cloudlinux.com/dashboard.html)
2019-03-15 12:44:51 [scrapy.extensions.logstats] INFO: Crawled 48 pages (at 7 pages/min), scraped 0 items (at 0 items/min)
2019-03-15 12:44:52 [scrapy.core.engine] DEBUG: Crawled (200) <GET https://docs-test.cloudlinux.com/cpanel_lve_manager.html> (referer: https://docs-test.cloudlinux.com/installation-wizard.html)
2019-03-15 12:45:16 [scrapy.core.engine] DEBUG: Crawled (200) <GET https://docs-test.cloudlinux.com/lve_manager_options.html> (referer: https://docs-test.cloudlinux.com/cpanel_lve_manager.html)
2019-03-15 12:45:17 [scrapy.core.engine] DEBUG: Crawled (200) <GET https://docs-test.cloudlinux.com/server_processes_snapshots.html> (referer: https://docs-test.cloudlinux.com/lve_manager_options.html)
2019-03-15 12:45:29 [scrapy.core.engine] DEBUG: Crawled (200) <GET https://docs-test.cloudlinux.com/lve_plugins_branding.html> (referer: https://docs-test.cloudlinux.com/server_processes_snapshots.html)
2019-03-15 12:45:29 [scrapy.core.engine] DEBUG: Crawled (200) <GET https://docs-test.cloudlinux.com/user_message.html> (referer: https://docs-test.cloudlinux.com/lve_plugins_branding.html)
2019-03-15 12:45:51 [scrapy.extensions.logstats] INFO: Crawled 53 pages (at 5 pages/min), scraped 0 items (at 0 items/min)
2019-03-15 12:45:52 [scrapy.core.engine] DEBUG: Crawled (200) <GET https://docs-test.cloudlinux.com/reseller_limits.html> (referer: https://docs-test.cloudlinux.com/user_message.html)
2019-03-15 12:45:53 [scrapy.core.engine] DEBUG: Crawled (200) <GET https://docs-test.cloudlinux.com/installation_and_requirements.html> (referer: https://docs-test.cloudlinux.com/reseller_limits.html)
2019-03-15 12:45:53 [scrapy.core.engine] DEBUG: Crawled (200) <GET https://docs-test.cloudlinux.com/how_to_enable_reseller_limits.html> (referer: https://docs-test.cloudlinux.com/installation_and_requirements.html)
2019-03-15 12:46:01 [scrapy.core.engine] DEBUG: Crawled (200) <GET https://docs-test.cloudlinux.com/hoster_interface.html> (referer: https://docs-test.cloudlinux.com/how_to_enable_reseller_limits.html)
2019-03-15 12:46:01 [scrapy.core.engine] DEBUG: Crawled (200) <GET https://docs-test.cloudlinux.com/current_usage_tab.html> (referer: https://docs-test.cloudlinux.com/hoster_interface.html)
2019-03-15 12:46:04 [scrapy.core.engine] DEBUG: Crawled (200) <GET https://docs-test.cloudlinux.com/users_tab.html> (referer: https://docs-test.cloudlinux.com/current_usage_tab.html)
2019-03-15 12:46:14 [scrapy.core.engine] DEBUG: Crawled (200) <GET https://docs-test.cloudlinux.com/statistics_tab.html> (referer: https://docs-test.cloudlinux.com/users_tab.html)
2019-03-15 12:46:23 [scrapy.core.engine] DEBUG: Crawled (200) <GET https://docs-test.cloudlinux.com/options_tab.html> (referer: https://docs-test.cloudlinux.com/statistics_tab.html)
2019-03-15 12:46:33 [scrapy.core.engine] DEBUG: Crawled (200) <GET https://docs-test.cloudlinux.com/packages_tab.html> (referer: https://docs-test.cloudlinux.com/options_tab.html)
2019-03-15 12:46:38 [scrapy.core.engine] DEBUG: Crawled (200) <GET https://docs-test.cloudlinux.com/selector_tab.html> (referer: https://docs-test.cloudlinux.com/packages_tab.html)
2019-03-15 12:46:48 [scrapy.core.engine] DEBUG: Crawled (200) <GET https://docs-test.cloudlinux.com/reseller_interface.html> (referer: https://docs-test.cloudlinux.com/selector_tab.html)
2019-03-15 12:46:49 [scrapy.core.engine] DEBUG: Crawled (200) <GET https://docs-test.cloudlinux.com/current_usage_tab2.html> (referer: https://docs-test.cloudlinux.com/reseller_interface.html)
2019-03-15 12:46:52 [scrapy.extensions.logstats] INFO: Crawled 65 pages (at 12 pages/min), scraped 0 items (at 0 items/min)
2019-03-15 12:46:53 [scrapy.core.engine] DEBUG: Crawled (200) <GET https://docs-test.cloudlinux.com/historical_usage_tab.html> (referer: https://docs-test.cloudlinux.com/current_usage_tab2.html)
2019-03-15 12:46:56 [scrapy.core.engine] DEBUG: Crawled (200) <GET https://docs-test.cloudlinux.com/users_tab2.html> (referer: https://docs-test.cloudlinux.com/historical_usage_tab.html)
2019-03-15 12:47:10 [scrapy.core.engine] DEBUG: Crawled (200) <GET https://docs-test.cloudlinux.com/statistics_tab2.html> (referer: https://docs-test.cloudlinux.com/users_tab2.html)
2019-03-15 12:47:18 [scrapy.core.engine] DEBUG: Crawled (200) <GET https://docs-test.cloudlinux.com/options_tab2.html> (referer: https://docs-test.cloudlinux.com/statistics_tab2.html)
2019-03-15 12:47:26 [scrapy.core.engine] DEBUG: Crawled (200) <GET https://docs-test.cloudlinux.com/packages_tab2.html> (referer: https://docs-test.cloudlinux.com/options_tab2.html)
2019-03-15 12:47:29 [scrapy.core.engine] DEBUG: Crawled (200) <GET https://docs-test.cloudlinux.com/lve-stats_2.html> (referer: https://docs-test.cloudlinux.com/packages_tab2.html)
2019-03-15 12:47:29 [scrapy.core.engine] DEBUG: Crawled (200) <GET https://docs-test.cloudlinux.com/lve-stats_2_installation.html> (referer: https://docs-test.cloudlinux.com/lve-stats_2.html)
2019-03-15 12:47:30 [scrapy.core.engine] DEBUG: Crawled (200) <GET https://docs-test.cloudlinux.com/lve-stats_2_configuration.html> (referer: https://docs-test.cloudlinux.com/lve-stats_2_installation.html)
2019-03-15 12:47:31 [scrapy.core.engine] DEBUG: Crawled (200) <GET https://docs-test.cloudlinux.com/lve_stats2_and_mysql.html> (referer: https://docs-test.cloudlinux.com/lve-stats_2_configuration.html)
2019-03-15 12:47:31 [scrapy.core.engine] DEBUG: Crawled (200) <GET https://docs-test.cloudlinux.com/lve_stats_2_and_postgresql.html> (referer: https://docs-test.cloudlinux.com/lve_stats2_and_mysql.html)
2019-03-15 12:47:32 [scrapy.core.engine] DEBUG: Crawled (200) <GET https://docs-test.cloudlinux.com/customize_lve-stats-2_notifica.html> (referer: https://docs-test.cloudlinux.com/lve_stats_2_and_postgresql.html)
2019-03-15 12:47:32 [scrapy.core.engine] DEBUG: Crawled (200) <GET https://docs-test.cloudlinux.com/lve-stats_2_command_line_tools.html> (referer: https://docs-test.cloudlinux.com/customize_lve-stats-2_notifica.html)
2019-03-15 12:47:36 [scrapy.core.engine] DEBUG: Crawled (200) <GET https://docs-test.cloudlinux.com/lveinfo.html> (referer: https://docs-test.cloudlinux.com/lve-stats_2_command_line_tools.html)
2019-03-15 12:47:37 [scrapy.core.engine] DEBUG: Crawled (200) <GET https://docs-test.cloudlinux.com/lvechart.html> (referer: https://docs-test.cloudlinux.com/lveinfo.html)
2019-03-15 12:47:38 [scrapy.core.engine] DEBUG: Crawled (200) <GET https://docs-test.cloudlinux.com/dbgovchart.html> (referer: https://docs-test.cloudlinux.com/lvechart.html)
2019-03-15 12:47:42 [scrapy.core.engine] DEBUG: Crawled (200) <GET https://docs-test.cloudlinux.com/lve-read-snapshot.html> (referer: https://docs-test.cloudlinux.com/dbgovchart.html)
2019-03-15 12:47:42 [scrapy.core.engine] DEBUG: Crawled (200) <GET https://docs-test.cloudlinux.com/lve-create-db.html> (referer: https://docs-test.cloudlinux.com/lve-read-snapshot.html)
2019-03-15 12:47:44 [scrapy.core.engine] DEBUG: Crawled (200) <GET https://docs-test.cloudlinux.com/cloudlinux_top.html> (referer: https://docs-test.cloudlinux.com/lve-create-db.html)
WARNING: Possible broken link - cloudlinux_top.html#usage
WARNING: Possible broken link - cloudlinux_top.html#output_format
WARNING: Possible broken link - cloudlinux_top.html#units_of_measurement
WARNING: Possible broken link - cloudlinux_top.html#errors_handling
WARNING: Possible broken link - cloudlinux_top.html#examples
WARNING: Possible broken link - cloudlinux_top.html#examples
2019-03-15 12:47:47 [scrapy.core.engine] DEBUG: Crawled (200) <GET https://docs-test.cloudlinux.com/cloudlinux-statistics.html> (referer: https://docs-test.cloudlinux.com/cloudlinux_top.html)
WARNING: Possible broken link - cloudlinux-statistics.html#usage
WARNING: Possible broken link - cloudlinux-statistics.html#output_format
WARNING: Possible broken link - cloudlinux-statistics.html#units_of_measurement
WARNING: Possible broken link - cloudlinux-statistics.html#errors_handling
WARNING: Possible broken link - cloudlinux-statistics.html#examples
2019-03-15 12:47:50 [scrapy.core.engine] DEBUG: Crawled (200) <GET https://docs-test.cloudlinux.com/lve-stats_2_plugins.html> (referer: https://docs-test.cloudlinux.com/cloudlinux-statistics.html)
2019-03-15 12:47:50 [scrapy.core.engine] DEBUG: Crawled (200) <GET https://docs-test.cloudlinux.com/creating_a_plugin.html> (referer: https://docs-test.cloudlinux.com/lve-stats_2_plugins.html)
2019-03-15 12:47:51 [scrapy.core.engine] DEBUG: Crawled (200) <GET https://docs-test.cloudlinux.com/lve-stats_2_plugin_introduction.html> (referer: https://docs-test.cloudlinux.com/creating_a_plugin.html)
2019-03-15 12:47:51 [scrapy.extensions.logstats] INFO: Crawled 87 pages (at 22 pages/min), scraped 0 items (at 0 items/min)
2019-03-15 12:47:52 [scrapy.core.engine] DEBUG: Crawled (200) <GET https://docs-test.cloudlinux.com/server_plugin_arrangement.html> (referer: https://docs-test.cloudlinux.com/lve-stats_2_plugin_introduction.html)
2019-03-15 12:47:52 [scrapy.core.engine] DEBUG: Crawled (200) <GET https://docs-test.cloudlinux.com/plugin_configuration.html> (referer: https://docs-test.cloudlinux.com/server_plugin_arrangement.html)
2019-03-15 12:47:52 [scrapy.core.engine] DEBUG: Crawled (200) <GET https://docs-test.cloudlinux.com/types_of_plugins.html> (referer: https://docs-test.cloudlinux.com/plugin_configuration.html)
2019-03-15 12:47:53 [scrapy.core.engine] DEBUG: Crawled (200) <GET https://docs-test.cloudlinux.com/plugins_examples.html> (referer: https://docs-test.cloudlinux.com/types_of_plugins.html)
2019-03-15 12:47:54 [scrapy.core.engine] DEBUG: Crawled (200) <GET https://docs-test.cloudlinux.com/collector.html> (referer: https://docs-test.cloudlinux.com/plugins_examples.html)
2019-03-15 12:47:55 [scrapy.core.engine] DEBUG: Crawled (200) <GET https://docs-test.cloudlinux.com/analizer.html> (referer: https://docs-test.cloudlinux.com/collector.html)
2019-03-15 12:47:56 [scrapy.core.engine] DEBUG: Crawled (200) <GET https://docs-test.cloudlinux.com/persistor.html> (referer: https://docs-test.cloudlinux.com/analizer.html)
2019-03-15 12:47:58 [scrapy.core.engine] DEBUG: Crawled (200) <GET https://docs-test.cloudlinux.com/notifier.html> (referer: https://docs-test.cloudlinux.com/persistor.html)
2019-03-15 12:47:58 [scrapy.core.engine] DEBUG: Crawled (200) <GET https://docs-test.cloudlinux.com/var_lve_info_file.html> (referer: https://docs-test.cloudlinux.com/notifier.html)
2019-03-15 12:47:59 [scrapy.core.engine] DEBUG: Crawled (200) <GET https://docs-test.cloudlinux.com/lve-stats_2_troubleshooting.html> (referer: https://docs-test.cloudlinux.com/var_lve_info_file.html)
2019-03-15 12:48:00 [scrapy.core.engine] DEBUG: Crawled (200) <GET https://docs-test.cloudlinux.com/cagefs.html> (referer: https://docs-test.cloudlinux.com/lve-stats_2_troubleshooting.html)
2019-03-15 12:48:01 [scrapy.core.engine] DEBUG: Crawled (200) <GET https://docs-test.cloudlinux.com/cagefs_installation.html> (referer: https://docs-test.cloudlinux.com/cagefs.html)
2019-03-15 12:48:01 [scrapy.core.engine] DEBUG: Crawled (200) <GET https://docs-test.cloudlinux.com/unistalling_cagefs.html> (referer: https://docs-test.cloudlinux.com/cagefs_installation.html)
2019-03-15 12:48:02 [scrapy.core.engine] DEBUG: Crawled (200) <GET https://docs-test.cloudlinux.com/managing_users.html> (referer: https://docs-test.cloudlinux.com/unistalling_cagefs.html)
2019-03-15 12:48:04 [scrapy.core.engine] DEBUG: Crawled (200) <GET https://docs-test.cloudlinux.com/cagefs_command_line_tools.html> (referer: https://docs-test.cloudlinux.com/managing_users.html)
2019-03-15 12:48:04 [scrapy.core.engine] DEBUG: Crawled (200) <GET https://docs-test.cloudlinux.com/running_command_inside_cagefs.html> (referer: https://docs-test.cloudlinux.com/cagefs_command_line_tools.html)
2019-03-15 12:48:05 [scrapy.core.engine] DEBUG: Crawled (200) <GET https://docs-test.cloudlinux.com/sanity_check.html> (referer: https://docs-test.cloudlinux.com/running_command_inside_cagefs.html)
2019-03-15 12:48:06 [scrapy.core.engine] DEBUG: Crawled (200) <GET https://docs-test.cloudlinux.com/cagefs_quirks.html> (referer: https://docs-test.cloudlinux.com/sanity_check.html)
2019-03-15 12:48:06 [scrapy.core.engine] DEBUG: Crawled (200) <GET https://docs-test.cloudlinux.com/cagefs_configuration.html> (referer: https://docs-test.cloudlinux.com/cagefs_quirks.html)
2019-03-15 12:48:07 [scrapy.core.engine] DEBUG: Crawled (200) <GET https://docs-test.cloudlinux.com/file_system_templates.html> (referer: https://docs-test.cloudlinux.com/cagefs_configuration.html)
2019-03-15 12:48:07 [scrapy.core.engine] DEBUG: Crawled (200) <GET https://docs-test.cloudlinux.com/excluding_files.html> (referer: https://docs-test.cloudlinux.com/file_system_templates.html)
2019-03-15 12:48:08 [scrapy.core.engine] DEBUG: Crawled (200) <GET https://docs-test.cloudlinux.com/excluding_users.html> (referer: https://docs-test.cloudlinux.com/excluding_files.html)
2019-03-15 12:48:08 [scrapy.core.engine] DEBUG: Crawled (200) <GET https://docs-test.cloudlinux.com/mount_points.html> (referer: https://docs-test.cloudlinux.com/excluding_users.html)
2019-03-15 12:48:09 [scrapy.core.engine] DEBUG: Crawled (200) <GET https://docs-test.cloudlinux.com/per_user_virtual_mount_points.html> (referer: https://docs-test.cloudlinux.com/mount_points.html)
2019-03-15 12:48:09 [scrapy.core.engine] DEBUG: Crawled (200) <GET https://docs-test.cloudlinux.com/split_by_username.html> (referer: https://docs-test.cloudlinux.com/per_user_virtual_mount_points.html)
2019-03-15 12:48:10 [scrapy.core.engine] DEBUG: Crawled (200) <GET https://docs-test.cloudlinux.com/mounting_users_home_directory_.html> (referer: https://docs-test.cloudlinux.com/split_by_username.html)
2019-03-15 12:48:11 [scrapy.core.engine] DEBUG: Crawled (200) <GET https://docs-test.cloudlinux.com/base_home_directory.html> (referer: https://docs-test.cloudlinux.com/mounting_users_home_directory_.html)
2019-03-15 12:48:12 [scrapy.core.engine] DEBUG: Crawled (200) <GET https://docs-test.cloudlinux.com/postgresql_support.html> (referer: https://docs-test.cloudlinux.com/base_home_directory.html)
2019-03-15 12:48:13 [scrapy.core.engine] DEBUG: Crawled (200) <GET https://docs-test.cloudlinux.com/pam_configuration.html> (referer: https://docs-test.cloudlinux.com/postgresql_support.html)
2019-03-15 12:48:13 [scrapy.core.engine] DEBUG: Crawled (200) <GET https://docs-test.cloudlinux.com/executing_by_proxy.html> (referer: https://docs-test.cloudlinux.com/pam_configuration.html)
2019-03-15 12:48:14 [scrapy.core.engine] DEBUG: Crawled (200) <GET https://docs-test.cloudlinux.com/custom__etc_directory.html> (referer: https://docs-test.cloudlinux.com/executing_by_proxy.html)
2019-03-15 12:48:15 [scrapy.core.engine] DEBUG: Crawled (200) <GET https://docs-test.cloudlinux.com/moving_cagefs-skeleton_directory.html> (referer: https://docs-test.cloudlinux.com/custom__etc_directory.html)
2019-03-15 12:48:15 [scrapy.core.engine] DEBUG: Crawled (200) <GET https://docs-test.cloudlinux.com/moving__var_cagefs_directory.html> (referer: https://docs-test.cloudlinux.com/moving_cagefs-skeleton_directory.html)
2019-03-15 12:48:16 [scrapy.core.engine] DEBUG: Crawled (200) <GET https://docs-test.cloudlinux.com/tmp_directories.html> (referer: https://docs-test.cloudlinux.com/moving__var_cagefs_directory.html)
2019-03-15 12:48:16 [scrapy.core.engine] DEBUG: Crawled (200) <GET https://docs-test.cloudlinux.com/syslog.html> (referer: https://docs-test.cloudlinux.com/tmp_directories.html)
2019-03-15 12:48:16 [scrapy.core.engine] DEBUG: Crawled (200) <GET https://docs-test.cloudlinux.com/excluding_mount_points.html> (referer: https://docs-test.cloudlinux.com/syslog.html)
2019-03-15 12:48:17 [scrapy.core.engine] DEBUG: Crawled (200) <GET https://docs-test.cloudlinux.com/control_panel_integration.html> (referer: https://docs-test.cloudlinux.com/excluding_mount_points.html)
2019-03-15 12:48:18 [scrapy.core.engine] DEBUG: Crawled (200) <GET https://docs-test.cloudlinux.com/cpanel.html> (referer: https://docs-test.cloudlinux.com/control_panel_integration.html)
2019-03-15 12:48:45 [scrapy.core.engine] DEBUG: Crawled (200) <GET https://docs-test.cloudlinux.com/plesk.html> (referer: https://docs-test.cloudlinux.com/cpanel.html)
2019-03-15 12:48:54 [scrapy.extensions.logstats] INFO: Crawled 126 pages (at 39 pages/min), scraped 0 items (at 0 items/min)
2019-03-15 12:48:55 [scrapy.core.engine] DEBUG: Crawled (200) <GET https://docs-test.cloudlinux.com/ispmanager.html> (referer: https://docs-test.cloudlinux.com/plesk.html)
2019-03-15 12:49:09 [scrapy.core.engine] DEBUG: Crawled (200) <GET https://docs-test.cloudlinux.com/mysql_governor.html> (referer: https://docs-test.cloudlinux.com/ispmanager.html)
2019-03-15 12:49:09 [scrapy.core.engine] DEBUG: Crawled (200) <GET https://docs-test.cloudlinux.com/mysql_governor_installation.html> (referer: https://docs-test.cloudlinux.com/mysql_governor.html)
2019-03-15 12:49:12 [scrapy.core.engine] DEBUG: Crawled (200) <GET https://docs-test.cloudlinux.com/removing_mysql_governor.html> (referer: https://docs-test.cloudlinux.com/mysql_governor_installation.html)
2019-03-15 12:49:12 [scrapy.core.engine] DEBUG: Crawled (200) <GET https://docs-test.cloudlinux.com/modes_of_operation.html> (referer: https://docs-test.cloudlinux.com/removing_mysql_governor.html)
2019-03-15 12:49:13 [scrapy.core.engine] DEBUG: Crawled (200) <GET https://docs-test.cloudlinux.com/mysql_governor_configuration.html> (referer: https://docs-test.cloudlinux.com/modes_of_operation.html)
2019-03-15 12:49:15 [scrapy.core.engine] DEBUG: Crawled (200) <GET https://docs-test.cloudlinux.com/start_stop.html> (referer: https://docs-test.cloudlinux.com/mysql_governor_configuration.html)
2019-03-15 12:49:16 [scrapy.core.engine] DEBUG: Crawled (200) <GET https://docs-test.cloudlinux.com/mapping_a_user_to_database.html> (referer: https://docs-test.cloudlinux.com/start_stop.html)
2019-03-15 12:49:16 [scrapy.core.engine] DEBUG: Crawled (200) <GET https://docs-test.cloudlinux.com/log_files.html> (referer: https://docs-test.cloudlinux.com/mapping_a_user_to_database.html)
2019-03-15 12:49:17 [scrapy.core.engine] DEBUG: Crawled (200) <GET https://docs-test.cloudlinux.com/change_mysql_version.html> (referer: https://docs-test.cloudlinux.com/log_files.html)
2019-03-15 12:49:18 [scrapy.core.engine] DEBUG: Crawled (200) <GET https://docs-test.cloudlinux.com/mysql_governor_command_line_tools.html> (referer: https://docs-test.cloudlinux.com/change_mysql_version.html)
2019-03-15 12:49:19 [scrapy.core.engine] DEBUG: Crawled (200) <GET https://docs-test.cloudlinux.com/dbtop.html> (referer: https://docs-test.cloudlinux.com/mysql_governor_command_line_tools.html)
2019-03-15 12:49:20 [scrapy.core.engine] DEBUG: Crawled (200) <GET https://docs-test.cloudlinux.com/dbctl.html> (referer: https://docs-test.cloudlinux.com/dbtop.html)
2019-03-15 12:49:21 [scrapy.core.engine] DEBUG: Crawled (200) <GET https://docs-test.cloudlinux.com/dbgov_lveinfo.html> (referer: https://docs-test.cloudlinux.com/dbctl.html)
2019-03-15 12:49:21 [scrapy.core.engine] DEBUG: Crawled (200) <GET https://docs-test.cloudlinux.com/mysql_governor_dbgovchart.html> (referer: https://docs-test.cloudlinux.com/dbgov_lveinfo.html)
2019-03-15 12:49:29 [scrapy.core.engine] DEBUG: Crawled (200) <GET https://docs-test.cloudlinux.com/backing_up_mysql.html> (referer: https://docs-test.cloudlinux.com/mysql_governor_dbgovchart.html)
2019-03-15 12:49:30 [scrapy.core.engine] DEBUG: Crawled (200) <GET https://docs-test.cloudlinux.com/abrt_plugin.html> (referer: https://docs-test.cloudlinux.com/backing_up_mysql.html)
2019-03-15 12:49:30 [scrapy.core.engine] DEBUG: Crawled (200) <GET https://docs-test.cloudlinux.com/troubleshooting.html> (referer: https://docs-test.cloudlinux.com/abrt_plugin.html)
2019-03-15 12:49:31 [scrapy.core.engine] DEBUG: Crawled (200) <GET https://docs-test.cloudlinux.com/php_selector.html> (referer: https://docs-test.cloudlinux.com/troubleshooting.html)
2019-03-15 12:49:31 [scrapy.core.engine] DEBUG: Crawled (200) <GET https://docs-test.cloudlinux.com/php_selector_installation.html> (referer: https://docs-test.cloudlinux.com/php_selector.html)
2019-03-15 12:49:32 [scrapy.core.engine] DEBUG: Crawled (200) <GET https://docs-test.cloudlinux.com/litespeed_support.html> (referer: https://docs-test.cloudlinux.com/php_selector_installation.html)
2019-03-15 12:50:17 [scrapy.extensions.logstats] INFO: Crawled 147 pages (at 21 pages/min), scraped 0 items (at 0 items/min)
2019-03-15 12:50:22 [scrapy.core.engine] DEBUG: Crawled (200) <GET https://docs-test.cloudlinux.com/ispmanager_support.html> (referer: https://docs-test.cloudlinux.com/litespeed_support.html)
2019-03-15 12:50:23 [scrapy.core.engine] DEBUG: Crawled (200) <GET https://docs-test.cloudlinux.com/php_configuration.html> (referer: https://docs-test.cloudlinux.com/ispmanager_support.html)
2019-03-15 12:50:23 [scrapy.core.engine] DEBUG: Crawled (200) <GET https://docs-test.cloudlinux.com/default_version_and_modules.html> (referer: https://docs-test.cloudlinux.com/php_configuration.html)
2019-03-15 12:50:24 [scrapy.core.engine] DEBUG: Crawled (200) <GET https://docs-test.cloudlinux.com/individual_php_ini_files.html> (referer: https://docs-test.cloudlinux.com/default_version_and_modules.html)
2019-03-15 12:50:25 [scrapy.core.engine] DEBUG: Crawled (200) <GET https://docs-test.cloudlinux.com/substitute_global_php_ini.html> (referer: https://docs-test.cloudlinux.com/individual_php_ini_files.html)
2019-03-15 12:50:25 [scrapy.core.engine] DEBUG: Crawled (200) <GET https://docs-test.cloudlinux.com/managing_interpretor_version.html> (referer: https://docs-test.cloudlinux.com/substitute_global_php_ini.html)
2019-03-15 12:50:26 [scrapy.core.engine] DEBUG: Crawled (200) <GET https://docs-test.cloudlinux.com/php_selector_only_with_some_packages.html> (referer: https://docs-test.cloudlinux.com/managing_interpretor_version.html)
2019-03-15 12:50:30 [scrapy.core.engine] DEBUG: Crawled (200) <GET https://docs-test.cloudlinux.com/php_extensions.html> (referer: https://docs-test.cloudlinux.com/php_selector_only_with_some_packages.html)
2019-03-15 12:50:32 [scrapy.core.engine] DEBUG: Crawled (200) <GET https://docs-test.cloudlinux.com/ffmpeg.html> (referer: https://docs-test.cloudlinux.com/php_extensions.html)
2019-03-15 12:50:32 [scrapy.core.engine] DEBUG: Crawled (200) <GET https://docs-test.cloudlinux.com/native_php_configuration.html> (referer: https://docs-test.cloudlinux.com/ffmpeg.html)
2019-03-15 12:50:33 [scrapy.core.engine] DEBUG: Crawled (200) <GET https://docs-test.cloudlinux.com/php_selector_command_line_tools.html> (referer: https://docs-test.cloudlinux.com/native_php_configuration.html)
2019-03-15 12:50:36 [scrapy.core.engine] DEBUG: Crawled (200) <GET https://docs-test.cloudlinux.com/selectorctl.html> (referer: https://docs-test.cloudlinux.com/php_selector_command_line_tools.html)
2019-03-15 12:50:36 [scrapy.core.engine] DEBUG: Crawled (200) <GET https://docs-test.cloudlinux.com/integrating_with_control_panel.html> (referer: https://docs-test.cloudlinux.com/selectorctl.html)
2019-03-15 12:50:39 [scrapy.core.engine] DEBUG: Crawled (200) <GET https://docs-test.cloudlinux.com/removing_php_selector.html> (referer: https://docs-test.cloudlinux.com/integrating_with_control_panel.html)
2019-03-15 12:50:39 [scrapy.core.engine] DEBUG: Crawled (200) <GET https://docs-test.cloudlinux.com/using_php_selector.html> (referer: https://docs-test.cloudlinux.com/removing_php_selector.html)
2019-03-15 12:50:56 [scrapy.extensions.logstats] INFO: Crawled 162 pages (at 15 pages/min), scraped 0 items (at 0 items/min)
2019-03-15 12:50:58 [scrapy.core.engine] DEBUG: Crawled (200) <GET https://docs-test.cloudlinux.com/custom_php_ini_options.html> (referer: https://docs-test.cloudlinux.com/using_php_selector.html)
2019-03-15 12:51:06 [scrapy.core.engine] DEBUG: Crawled (200) <GET https://docs-test.cloudlinux.com/end_user_directories.html> (referer: https://docs-test.cloudlinux.com/custom_php_ini_options.html)
2019-03-15 12:51:06 [scrapy.core.engine] DEBUG: Crawled (200) <GET https://docs-test.cloudlinux.com/compiling_your_own_extensions.html> (referer: https://docs-test.cloudlinux.com/end_user_directories.html)
2019-03-15 12:51:07 [scrapy.core.engine] DEBUG: Crawled (200) <GET https://docs-test.cloudlinux.com/roll_your_own_php.html> (referer: https://docs-test.cloudlinux.com/compiling_your_own_extensions.html)
2019-03-15 12:51:08 [scrapy.core.engine] DEBUG: Crawled (200) <GET https://docs-test.cloudlinux.com/detect_users_php_version.html> (referer: https://docs-test.cloudlinux.com/roll_your_own_php.html)
2019-03-15 12:51:09 [scrapy.core.engine] DEBUG: Crawled (200) <GET https://docs-test.cloudlinux.com/php_selector_without_cagefs.html> (referer: https://docs-test.cloudlinux.com/detect_users_php_version.html)
2019-03-15 12:51:10 [scrapy.core.engine] DEBUG: Crawled (200) <GET https://docs-test.cloudlinux.com/configuring_global_php_ini_opt.html> (referer: https://docs-test.cloudlinux.com/php_selector_without_cagefs.html)
2019-03-15 12:51:10 [scrapy.core.engine] DEBUG: Crawled (200) <GET https://docs-test.cloudlinux.com/bundled_php_extensions.html> (referer: https://docs-test.cloudlinux.com/configuring_global_php_ini_opt.html)
2019-03-15 12:51:11 [scrapy.core.engine] DEBUG: Crawled (200) <GET https://docs-test.cloudlinux.com/php_4_4_extensions.html> (referer: https://docs-test.cloudlinux.com/bundled_php_extensions.html)
2019-03-15 12:51:12 [scrapy.core.engine] DEBUG: Crawled (200) <GET https://docs-test.cloudlinux.com/php_5_1_extensions.html> (referer: https://docs-test.cloudlinux.com/php_4_4_extensions.html)
2019-03-15 12:51:12 [scrapy.core.engine] DEBUG: Crawled (200) <GET https://docs-test.cloudlinux.com/php_5_2_extensions.html> (referer: https://docs-test.cloudlinux.com/php_5_1_extensions.html)
2019-03-15 12:51:13 [scrapy.core.engine] DEBUG: Crawled (200) <GET https://docs-test.cloudlinux.com/php_5_3_extensions.html> (referer: https://docs-test.cloudlinux.com/php_5_2_extensions.html)
2019-03-15 12:51:13 [scrapy.core.engine] DEBUG: Crawled (200) <GET https://docs-test.cloudlinux.com/php_5_4_extensions.html> (referer: https://docs-test.cloudlinux.com/php_5_3_extensions.html)
2019-03-15 12:51:14 [scrapy.core.engine] DEBUG: Crawled (200) <GET https://docs-test.cloudlinux.com/php_5_5_extensions.html> (referer: https://docs-test.cloudlinux.com/php_5_4_extensions.html)
2019-03-15 12:51:14 [scrapy.core.engine] DEBUG: Crawled (200) <GET https://docs-test.cloudlinux.com/php_5_6_extensions.html> (referer: https://docs-test.cloudlinux.com/php_5_5_extensions.html)
2019-03-15 12:51:14 [scrapy.core.engine] DEBUG: Crawled (200) <GET https://docs-test.cloudlinux.com/php_7_0_extensions.html> (referer: https://docs-test.cloudlinux.com/php_5_6_extensions.html)
2019-03-15 12:51:15 [scrapy.core.engine] DEBUG: Crawled (200) <GET https://docs-test.cloudlinux.com/php_7_1_extensions.html> (referer: https://docs-test.cloudlinux.com/php_7_0_extensions.html)
2019-03-15 12:51:15 [scrapy.core.engine] DEBUG: Crawled (200) <GET https://docs-test.cloudlinux.com/php_7_2_extensions.html> (referer: https://docs-test.cloudlinux.com/php_7_1_extensions.html)
2019-03-15 12:51:16 [scrapy.core.engine] DEBUG: Crawled (200) <GET https://docs-test.cloudlinux.com/php-7_3-extensions.html> (referer: https://docs-test.cloudlinux.com/php_7_2_extensions.html)
2019-03-15 12:51:16 [scrapy.core.engine] DEBUG: Crawled (200) <GET https://docs-test.cloudlinux.com/disable_php_extensions.html> (referer: https://docs-test.cloudlinux.com/php-7_3-extensions.html)
2019-03-15 12:51:17 [scrapy.core.engine] DEBUG: Crawled (200) <GET https://docs-test.cloudlinux.com/php_selector_control_panel_integration.html> (referer: https://docs-test.cloudlinux.com/disable_php_extensions.html)
2019-03-15 12:51:18 [scrapy.core.engine] DEBUG: Crawled (200) <GET https://docs-test.cloudlinux.com/php_selector_cpanel.html> (referer: https://docs-test.cloudlinux.com/php_selector_control_panel_integration.html)
2019-03-15 12:51:55 [scrapy.extensions.logstats] INFO: Crawled 184 pages (at 22 pages/min), scraped 0 items (at 0 items/min)
2019-03-15 12:52:03 [scrapy.core.engine] DEBUG: Crawled (200) <GET https://docs-test.cloudlinux.com/python_and_ruby_selector.html> (referer: https://docs-test.cloudlinux.com/php_selector_cpanel.html)
2019-03-15 12:52:05 [scrapy.core.engine] DEBUG: Crawled (200) <GET https://docs-test.cloudlinux.com/python_ruby_installation.html> (referer: https://docs-test.cloudlinux.com/python_and_ruby_selector.html)
2019-03-15 12:52:06 [scrapy.core.engine] DEBUG: Crawled (200) <GET https://docs-test.cloudlinux.com/end_user_access.html> (referer: https://docs-test.cloudlinux.com/python_ruby_installation.html)
2019-03-15 12:52:49 [scrapy.core.engine] DEBUG: Crawled (200) <GET https://docs-test.cloudlinux.com/python_ruby_command_line.html> (referer: https://docs-test.cloudlinux.com/end_user_access.html)
2019-03-15 12:52:50 [scrapy.core.engine] DEBUG: Crawled (200) <GET https://docs-test.cloudlinux.com/hide_python_ruby_selector.html> (referer: https://docs-test.cloudlinux.com/python_ruby_command_line.html)
2019-03-15 12:53:08 [scrapy.extensions.logstats] INFO: Crawled 189 pages (at 5 pages/min), scraped 0 items (at 0 items/min)
2019-03-15 12:53:13 [scrapy.core.engine] DEBUG: Crawled (200) <GET https://docs-test.cloudlinux.com/trac.html> (referer: https://docs-test.cloudlinux.com/hide_python_ruby_selector.html)
2019-03-15 12:53:34 [scrapy.core.engine] DEBUG: Crawled (200) <GET https://docs-test.cloudlinux.com/trac_with_mysql.html> (referer: https://docs-test.cloudlinux.com/trac.html)
2019-03-15 12:53:39 [scrapy.core.engine] DEBUG: Crawled (200) <GET https://docs-test.cloudlinux.com/redmine.html> (referer: https://docs-test.cloudlinux.com/trac_with_mysql.html)
2019-03-15 12:54:05 [scrapy.extensions.logstats] INFO: Crawled 192 pages (at 3 pages/min), scraped 0 items (at 0 items/min)
2019-03-15 12:54:06 [scrapy.core.engine] DEBUG: Crawled (200) <GET https://docs-test.cloudlinux.com/easy_apache_4.html> (referer: https://docs-test.cloudlinux.com/redmine.html)
2019-03-15 12:54:07 [scrapy.core.engine] DEBUG: Crawled (200) <GET https://docs-test.cloudlinux.com/node_js_selector.html> (referer: https://docs-test.cloudlinux.com/easy_apache_4.html)
WARNING: Possible broken link - overview__requirements.html#requirements
WARNING: Possible broken link - command_line_interface2.html#hoster
WARNING: Possible broken link - command_line_interface2.html#enduser
WARNING: Possible broken link - user_interface.html#hoster
WARNING: Possible broken link - user_interface.html#howtoenabledisablenodejs
WARNING: Possible broken link - user_interface.html#howtomanagenodejs
WARNING: Possible broken link - user_interface.html#applicationscolumn
WARNING: Possible broken link - user_interface.html#enduser
WARNING: Possible broken link - user_interface.html#howtomanageapplication
2019-03-15 12:54:07 [scrapy.core.engine] DEBUG: Crawled (200) <GET https://docs-test.cloudlinux.com/overview__requirements.html> (referer: https://docs-test.cloudlinux.com/node_js_selector.html)
2019-03-15 12:54:07 [scrapy.core.engine] DEBUG: Crawled (200) <GET https://docs-test.cloudlinux.com/installation.html> (referer: https://docs-test.cloudlinux.com/overview__requirements.html)
2019-03-15 12:54:09 [scrapy.core.engine] DEBUG: Crawled (200) <GET https://docs-test.cloudlinux.com/command_line_interface2.html> (referer: https://docs-test.cloudlinux.com/installation.html)
2019-03-15 12:54:10 [scrapy.core.engine] DEBUG: Crawled (200) <GET https://docs-test.cloudlinux.com/user_interface.html> (referer: https://docs-test.cloudlinux.com/command_line_interface2.html)
2019-03-15 12:54:59 [scrapy.extensions.logstats] INFO: Crawled 198 pages (at 6 pages/min), scraped 0 items (at 0 items/min)
2019-03-15 12:55:00 [scrapy.core.engine] DEBUG: Crawled (200) <GET https://docs-test.cloudlinux.com/node_js_deployment.html> (referer: https://docs-test.cloudlinux.com/user_interface.html)
2019-03-15 12:55:02 [scrapy.core.engine] DEBUG: Crawled (200) <GET https://docs-test.cloudlinux.com/remote_usage_of_node_js_interp.html> (referer: https://docs-test.cloudlinux.com/node_js_deployment.html)
WARNING: Possible broken link - remote_usage_of_node_js_interp.html#setuprundebugconfigurations
2019-03-15 12:55:42 [scrapy.core.engine] DEBUG: Crawled (200) <GET https://docs-test.cloudlinux.com/remote_usage_of_the_cloudlinux.html> (referer: https://docs-test.cloudlinux.com/remote_usage_of_node_js_interp.html)
WARNING: Possible broken link - remote_usage_of_node_js_interp.html#createapplication
2019-03-15 12:55:44 [scrapy.core.engine] DEBUG: Crawled (200) <GET https://docs-test.cloudlinux.com/inodes_limits.html> (referer: https://docs-test.cloudlinux.com/remote_usage_of_the_cloudlinux.html)
2019-03-15 12:55:54 [scrapy.extensions.logstats] INFO: Crawled 202 pages (at 4 pages/min), scraped 0 items (at 0 items/min)
2019-03-15 12:55:59 [scrapy.core.engine] DEBUG: Crawled (200) <GET https://docs-test.cloudlinux.com/cl_quota.html> (referer: https://docs-test.cloudlinux.com/inodes_limits.html)
2019-03-15 12:56:00 [scrapy.core.engine] DEBUG: Crawled (200) <GET https://docs-test.cloudlinux.com/cl-quota_general.html> (referer: https://docs-test.cloudlinux.com/cl_quota.html)
2019-03-15 12:56:03 [scrapy.core.engine] DEBUG: Crawled (200) <GET https://docs-test.cloudlinux.com/set_limits_and_integration.html> (referer: https://docs-test.cloudlinux.com/cl-quota_general.html)
2019-03-15 12:56:05 [scrapy.core.engine] DEBUG: Crawled (200) <GET https://docs-test.cloudlinux.com/inheritance.html> (referer: https://docs-test.cloudlinux.com/set_limits_and_integration.html)
2019-03-15 12:56:05 [scrapy.core.engine] DEBUG: Crawled (200) <GET https://docs-test.cloudlinux.com/cache_synchronize.html> (referer: https://docs-test.cloudlinux.com/inheritance.html)
2019-03-15 12:56:05 [scrapy.core.engine] DEBUG: Crawled (200) <GET https://docs-test.cloudlinux.com/db_file.html> (referer: https://docs-test.cloudlinux.com/cache_synchronize.html)
2019-03-15 12:56:07 [scrapy.core.engine] DEBUG: Crawled (200) <GET https://docs-test.cloudlinux.com/cli_examples.html> (referer: https://docs-test.cloudlinux.com/db_file.html)
2019-03-15 12:56:08 [scrapy.core.engine] DEBUG: Crawled (200) <GET https://docs-test.cloudlinux.com/kernel_settings.html> (referer: https://docs-test.cloudlinux.com/cli_examples.html)
2019-03-15 12:56:08 [scrapy.core.engine] DEBUG: Crawled (200) <GET https://docs-test.cloudlinux.com/kernel_config_variables.html> (referer: https://docs-test.cloudlinux.com/kernel_settings.html)
2019-03-15 12:56:09 [scrapy.core.engine] DEBUG: Crawled (200) <GET https://docs-test.cloudlinux.com/virtualized_proc_filesystem.html> (referer: https://docs-test.cloudlinux.com/kernel_config_variables.html)
2019-03-15 12:56:10 [scrapy.core.engine] DEBUG: Crawled (200) <GET https://docs-test.cloudlinux.com/securelinks.html> (referer: https://docs-test.cloudlinux.com/virtualized_proc_filesystem.html)
2019-03-15 12:56:12 [scrapy.core.engine] DEBUG: Crawled (200) <GET https://docs-test.cloudlinux.com/symlink_owner_match_protection.html> (referer: https://docs-test.cloudlinux.com/securelinks.html)
2019-03-15 12:56:13 [scrapy.core.engine] DEBUG: Crawled (200) <GET https://docs-test.cloudlinux.com/link_traversal_protection.html> (referer: https://docs-test.cloudlinux.com/symlink_owner_match_protection.html)
2019-03-15 12:56:15 [scrapy.core.engine] DEBUG: Crawled (200) <GET https://docs-test.cloudlinux.com/ptrace_block.html> (referer: https://docs-test.cloudlinux.com/link_traversal_protection.html)
2019-03-15 12:56:15 [scrapy.core.engine] DEBUG: Crawled (200) <GET https://docs-test.cloudlinux.com/xen_xvda_detection.html> (referer: https://docs-test.cloudlinux.com/ptrace_block.html)
2019-03-15 12:56:16 [scrapy.core.engine] DEBUG: Crawled (200) <GET https://docs-test.cloudlinux.com/tpe_extension.html> (referer: https://docs-test.cloudlinux.com/xen_xvda_detection.html)
2019-03-15 12:56:18 [scrapy.core.engine] DEBUG: Crawled (200) <GET https://docs-test.cloudlinux.com/iolimits_latency.html> (referer: https://docs-test.cloudlinux.com/tpe_extension.html)
2019-03-15 12:56:19 [scrapy.core.engine] DEBUG: Crawled (200) <GET https://docs-test.cloudlinux.com/hybrid_kernel.html> (referer: https://docs-test.cloudlinux.com/iolimits_latency.html)
2019-03-15 12:56:21 [scrapy.core.engine] DEBUG: Crawled (200) <GET https://docs-test.cloudlinux.com/reading_lve_usage.html> (referer: https://docs-test.cloudlinux.com/hybrid_kernel.html)
2019-03-15 12:56:21 [scrapy.core.engine] DEBUG: Crawled (200) <GET https://docs-test.cloudlinux.com/flashcache.html> (referer: https://docs-test.cloudlinux.com/reading_lve_usage.html)
2019-03-15 12:56:22 [scrapy.core.engine] DEBUG: Crawled (200) <GET https://docs-test.cloudlinux.com/oom_killer_for_lve_processes.html> (referer: https://docs-test.cloudlinux.com/flashcache.html)
2019-03-15 12:56:24 [scrapy.core.engine] DEBUG: Crawled (200) <GET https://docs-test.cloudlinux.com/file_system_quotas.html> (referer: https://docs-test.cloudlinux.com/oom_killer_for_lve_processes.html)
2019-03-15 12:56:27 [scrapy.core.engine] DEBUG: Crawled (200) <GET https://docs-test.cloudlinux.com/apache_mod_lsapi.html> (referer: https://docs-test.cloudlinux.com/file_system_quotas.html)
2019-03-15 12:56:51 [scrapy.extensions.logstats] INFO: Crawled 225 pages (at 23 pages/min), scraped 0 items (at 0 items/min)
2019-03-15 12:57:13 [scrapy.core.engine] DEBUG: Crawled (200) <GET https://docs-test.cloudlinux.com/configuration-references.html> (referer: https://docs-test.cloudlinux.com/apache_mod_lsapi.html)
WARNING: Possible broken link - .html#lsapi_engine
WARNING: Possible broken link - .html#lsapi_socket_path
WARNING: Possible broken link - .html#lsapi_poll_timeout
WARNING: Possible broken link - .html#lsapi_per_user
WARNING: Possible broken link - .html#lsapi_output_buffering
WARNING: Possible broken link - .html#lsapi_disable_reject_mode
WARNING: Possible broken link - .html#lsapi_terminate_backends_on_exit
WARNING: Possible broken link - .html#lsapi_avoid_zombies
WARNING: Possible broken link - .html#lsapi_use_req_hostname
WARNING: Possible broken link - .html#lsapi_debug
WARNING: Possible broken link - .html#lsapi_set_env
WARNING: Possible broken link - .html#lsapi_set_env_path
WARNING: Possible broken link - .html#lsapi_backend_children
WARNING: Possible broken link - .html#lsapi_backend_connect_tries
WARNING: Possible broken link - .html#lsapi_backend_connect_timeout
WARNING: Possible broken link - .html#lsapi_backend_max_process_time
WARNING: Possible broken link - .html#lsapi_backend_pgrp_max_idle
WARNING: Possible broken link - .html#lsapi_backend_use_own_log
WARNING: Possible broken link - .html#lsapi_backend_common_own_log
WARNING: Possible broken link - .html#lsapi_backend_coredump
WARNING: Possible broken link - .html#lsapi_backend_accept_notify
WARNING: Possible broken link - .html#lsapi_with_connection_pool
WARNING: Possible broken link - .html#lsapi_backend_max_idle
WARNING: Possible broken link - .html#lsapi_backend_max_reqs
WARNING: Possible broken link - .html#lsapi_criu
WARNING: Possible broken link - .html#lsapi_criu_socket_path
WARNING: Possible broken link - .html#lsapi_criu_imgs_dir_path
WARNING: Possible broken link - .html#lsapi_backend_initial_start
WARNING: Possible broken link - .html#lsapi_criu_use_shm
WARNING: Possible broken link - .html#lsapi_backend_semtimedwait
WARNING: Possible broken link - .html#lsapi_reset_criu_on_apache_restart
WARNING: Possible broken link - .html#lsapi_process_phpini
WARNING: Possible broken link - .html#lsapi_phpini
WARNING: Possible broken link - .html#lsapi_phprc
WARNING: Possible broken link - .html#lsapi_tmpdir
WARNING: Possible broken link - .html#lsapi_enable_user_ini
WARNING: Possible broken link - .html#lsapi_user_ini_homedir
WARNING: Possible broken link - .html#lsapi_keep_http200
WARNING: Possible broken link - .html#lsapi_mod_php_behaviour
WARNING: Possible broken link - .html#php_valuephp_admin_valuephp_flagphp_admin_flag
WARNING: Possible broken link - .html#lsapi_use_suexec
WARNING: Possible broken link - .html#lsapi_user_group
WARNING: Possible broken link - .html#lsapi_uid_gid
WARNING: Possible broken link - .html#lsapi_use_default_uid
WARNING: Possible broken link - .html#lsapi_target_perm
WARNING: Possible broken link - .html#lsapi_paranoid
WARNING: Possible broken link - .html#lsapi_check_document_root
WARNING: Possible broken link - .html#lsapi_disable_forced_pwd_var
WARNING: Possible broken link - .html#lsapi_max_resend_buffer
2019-03-15 12:57:14 [scrapy.core.engine] DEBUG: Crawled (200) <GET https://docs-test.cloudlinux.com/mod_lsapi_installation.html> (referer: https://docs-test.cloudlinux.com/configuration-references.html)
2019-03-15 12:57:14 [scrapy.core.engine] DEBUG: Crawled (200) <GET https://docs-test.cloudlinux.com/cpanel2.html> (referer: https://docs-test.cloudlinux.com/mod_lsapi_installation.html)
2019-03-15 12:57:15 [scrapy.core.engine] DEBUG: Crawled (200) <GET https://docs-test.cloudlinux.com/plesk2.html> (referer: https://docs-test.cloudlinux.com/cpanel2.html)
2019-03-15 12:57:15 [scrapy.core.engine] DEBUG: Crawled (200) <GET https://docs-test.cloudlinux.com/directadmin.html> (referer: https://docs-test.cloudlinux.com/plesk2.html)
2019-03-15 12:57:16 [scrapy.core.engine] DEBUG: Crawled (200) <GET https://docs-test.cloudlinux.com/no-control-panel.html> (referer: https://docs-test.cloudlinux.com/directadmin.html)
2019-03-15 12:57:16 [scrapy.core.engine] DEBUG: Crawled (200) <GET https://docs-test.cloudlinux.com/uninstall_mod_lsapi.html> (referer: https://docs-test.cloudlinux.com/no-control-panel.html)
2019-03-15 12:57:17 [scrapy.core.engine] DEBUG: Crawled (200) <GET https://docs-test.cloudlinux.com/cpanel3.html> (referer: https://docs-test.cloudlinux.com/uninstall_mod_lsapi.html)
2019-03-15 12:57:17 [scrapy.core.engine] DEBUG: Crawled (200) <GET https://docs-test.cloudlinux.com/plesk3.html> (referer: https://docs-test.cloudlinux.com/cpanel3.html)
2019-03-15 12:57:17 [scrapy.core.engine] DEBUG: Crawled (200) <GET https://docs-test.cloudlinux.com/directadmin2.html> (referer: https://docs-test.cloudlinux.com/plesk3.html)
2019-03-15 12:57:19 [scrapy.core.engine] DEBUG: Crawled (200) <GET https://docs-test.cloudlinux.com/no-control-panel2.html> (referer: https://docs-test.cloudlinux.com/directadmin2.html)
2019-03-15 12:57:22 [scrapy.core.engine] DEBUG: Crawled (200) <GET https://docs-test.cloudlinux.com/switch_mod_lsapi-tool.html> (referer: https://docs-test.cloudlinux.com/no-control-panel2.html)
2019-03-15 12:57:24 [scrapy.core.engine] DEBUG: Crawled (200) <GET https://docs-test.cloudlinux.com/mod_lsapi_troubleshooting.html> (referer: https://docs-test.cloudlinux.com/switch_mod_lsapi-tool.html)
2019-03-15 12:57:26 [scrapy.core.engine] DEBUG: Crawled (200) <GET https://docs-test.cloudlinux.com/mod_lsapi_faq.html> (referer: https://docs-test.cloudlinux.com/mod_lsapi_troubleshooting.html)
2019-03-15 12:57:52 [scrapy.extensions.logstats] INFO: Crawled 239 pages (at 14 pages/min), scraped 0 items (at 0 items/min)
2019-03-15 12:57:55 [scrapy.core.engine] DEBUG: Crawled (200) <GET https://docs-test.cloudlinux.com/criu_support.html> (referer: https://docs-test.cloudlinux.com/mod_lsapi_faq.html)
2019-03-15 12:57:56 [scrapy.core.engine] DEBUG: Crawled (200) <GET https://docs-test.cloudlinux.com/cloudlinux-fchange.html> (referer: https://docs-test.cloudlinux.com/criu_support.html)
2019-03-15 12:57:56 [scrapy.core.engine] DEBUG: Crawled (200) <GET https://docs-test.cloudlinux.com/general.html> (referer: https://docs-test.cloudlinux.com/cloudlinux-fchange.html)
2019-03-15 12:57:57 [scrapy.core.engine] DEBUG: Crawled (200) <GET https://docs-test.cloudlinux.com/usage_and_integration.html> (referer: https://docs-test.cloudlinux.com/general.html)
2019-03-15 12:57:57 [scrapy.core.engine] DEBUG: Crawled (200) <GET https://docs-test.cloudlinux.com/installation_and_configuration.html> (referer: https://docs-test.cloudlinux.com/usage_and_integration.html)
2019-03-15 12:57:58 [scrapy.core.engine] DEBUG: Crawled (200) <GET https://docs-test.cloudlinux.com/configuration_details.html> (referer: https://docs-test.cloudlinux.com/installation_and_configuration.html)
2019-03-15 12:57:59 [scrapy.core.engine] DEBUG: Crawled (200) <GET https://docs-test.cloudlinux.com/low-level_access.html> (referer: https://docs-test.cloudlinux.com/configuration_details.html)
2019-03-15 12:57:59 [scrapy.core.engine] DEBUG: Crawled (200) <GET https://docs-test.cloudlinux.com/mod_proctitle.html> (referer: https://docs-test.cloudlinux.com/low-level_access.html)
2019-03-15 12:58:00 [scrapy.core.engine] DEBUG: Crawled (200) <GET https://docs-test.cloudlinux.com/mod_proctitle_info.html> (referer: https://docs-test.cloudlinux.com/mod_proctitle.html)
2019-03-15 12:58:00 [scrapy.core.engine] DEBUG: Crawled (200) <GET https://docs-test.cloudlinux.com/tuning_parameters.html> (referer: https://docs-test.cloudlinux.com/mod_proctitle_info.html)
2019-03-15 12:58:01 [scrapy.core.engine] DEBUG: Crawled (200) <GET https://docs-test.cloudlinux.com/additional_packages.html> (referer: https://docs-test.cloudlinux.com/tuning_parameters.html)
2019-03-15 12:58:02 [scrapy.core.engine] DEBUG: Crawled (200) <GET https://docs-test.cloudlinux.com/alt-suexec.html> (referer: https://docs-test.cloudlinux.com/additional_packages.html)
2019-03-15 12:58:03 [scrapy.core.engine] DEBUG: Crawled (200) <GET https://docs-test.cloudlinux.com/tuned-profiles-cloudlinux.html> (referer: https://docs-test.cloudlinux.com/alt-suexec.html)
2019-03-15 12:58:03 [scrapy.core.engine] DEBUG: Crawled (200) <GET https://docs-test.cloudlinux.com/integration_guide.html> (referer: https://docs-test.cloudlinux.com/tuned-profiles-cloudlinux.html)
2019-03-15 12:58:04 [scrapy.core.engine] DEBUG: Crawled (200) <GET https://docs-test.cloudlinux.com/detecting.html> (referer: https://docs-test.cloudlinux.com/integration_guide.html)
2019-03-15 12:58:04 [scrapy.core.engine] DEBUG: Crawled (200) <GET https://docs-test.cloudlinux.com/cpu_memory_iolimits.html> (referer: https://docs-test.cloudlinux.com/detecting.html)
2019-03-15 12:58:06 [scrapy.core.engine] DEBUG: Crawled (200) <GET https://docs-test.cloudlinux.com/lve_limits_with_packages.html> (referer: https://docs-test.cloudlinux.com/cpu_memory_iolimits.html)
2019-03-15 12:58:07 [scrapy.core.engine] DEBUG: Crawled (200) <GET https://docs-test.cloudlinux.com/partner_portal.html> (referer: https://docs-test.cloudlinux.com/lve_limits_with_packages.html)
2019-03-15 12:58:07 [scrapy.core.engine] DEBUG: Crawled (200) <GET https://docs-test.cloudlinux.com/cloudlinux_network.html> (referer: https://docs-test.cloudlinux.com/partner_portal.html)
2019-03-15 12:58:08 [scrapy.core.engine] DEBUG: Crawled (200) <GET https://docs-test.cloudlinux.com/cloudlinux_whmcs_plugin.html> (referer: https://docs-test.cloudlinux.com/cloudlinux_network.html)
WARNING: Possible broken link - installation_and_update.html#installationupdate
2019-03-15 12:58:11 [scrapy.core.engine] DEBUG: Crawled (200) <GET https://docs-test.cloudlinux.com/overview.html> (referer: https://docs-test.cloudlinux.com/cloudlinux_whmcs_plugin.html)
2019-03-15 12:58:11 [scrapy.core.engine] DEBUG: Crawled (200) <GET https://docs-test.cloudlinux.com/installation_configuration.html> (referer: https://docs-test.cloudlinux.com/overview.html)
2019-03-15 12:58:13 [scrapy.core.engine] DEBUG: Crawled (200) <GET https://docs-test.cloudlinux.com/installation_and_update.html> (referer: https://docs-test.cloudlinux.com/installation_configuration.html)
2019-03-15 12:58:14 [scrapy.core.engine] DEBUG: Crawled (200) <GET https://docs-test.cloudlinux.com/configuration_of_product.html> (referer: https://docs-test.cloudlinux.com/installation_and_update.html)
2019-03-15 12:58:15 [scrapy.core.engine] DEBUG: Crawled (200) <GET https://docs-test.cloudlinux.com/configuration_of_addon.html> (referer: https://docs-test.cloudlinux.com/configuration_of_product.html)
2019-03-15 12:58:25 [scrapy.core.engine] DEBUG: Crawled (200) <GET https://docs-test.cloudlinux.com/management.html> (referer: https://docs-test.cloudlinux.com/configuration_of_addon.html)
2019-03-15 12:58:31 [scrapy.core.engine] DEBUG: Crawled (200) <GET https://docs-test.cloudlinux.com/link_via_add-on_optional_lice.html> (referer: https://docs-test.cloudlinux.com/management.html)
2019-03-15 12:58:49 [scrapy.core.engine] DEBUG: Crawled (200) <GET https://docs-test.cloudlinux.com/link_products_directly.html> (referer: https://docs-test.cloudlinux.com/link_via_add-on_optional_lice.html)
2019-03-15 12:58:54 [scrapy.extensions.logstats] INFO: Crawled 267 pages (at 28 pages/min), scraped 0 items (at 0 items/min)
2019-03-15 12:58:56 [scrapy.core.engine] DEBUG: Crawled (200) <GET https://docs-test.cloudlinux.com/link_via_configurable_options.html> (referer: https://docs-test.cloudlinux.com/link_products_directly.html)
2019-03-15 12:58:59 [scrapy.core.engine] DEBUG: Crawled (200) <GET https://docs-test.cloudlinux.com/link_add-ons_directly.html> (referer: https://docs-test.cloudlinux.com/link_via_configurable_options.html)
2019-03-15 12:59:19 [scrapy.core.engine] DEBUG: Crawled (200) <GET https://docs-test.cloudlinux.com/order.html> (referer: https://docs-test.cloudlinux.com/link_add-ons_directly.html)
2019-03-15 12:59:30 [scrapy.core.engine] DEBUG: Crawled (200) <GET https://docs-test.cloudlinux.com/admin_area.html> (referer: https://docs-test.cloudlinux.com/order.html)
2019-03-15 12:59:41 [scrapy.core.engine] DEBUG: Crawled (200) <GET https://docs-test.cloudlinux.com/client_area.html> (referer: https://docs-test.cloudlinux.com/admin_area.html)
2019-03-15 12:59:48 [scrapy.core.engine] DEBUG: Crawled (200) <GET https://docs-test.cloudlinux.com/licenses_list.html> (referer: https://docs-test.cloudlinux.com/client_area.html)
2019-03-15 12:59:51 [scrapy.extensions.logstats] INFO: Crawled 273 pages (at 6 pages/min), scraped 0 items (at 0 items/min)
2019-03-15 12:59:51 [scrapy.core.engine] DEBUG: Crawled (200) <GET https://docs-test.cloudlinux.com/addon_licenses_list.html> (referer: https://docs-test.cloudlinux.com/licenses_list.html)
2019-03-15 12:59:58 [scrapy.core.engine] DEBUG: Crawled (200) <GET https://docs-test.cloudlinux.com/common_problems.html> (referer: https://docs-test.cloudlinux.com/addon_licenses_list.html)
2019-03-15 12:59:59 [scrapy.core.engine] DEBUG: Crawled (200) <GET https://docs-test.cloudlinux.com/deprecated.html> (referer: https://docs-test.cloudlinux.com/common_problems.html)
2019-03-15 12:59:59 [scrapy.core.engine] DEBUG: Crawled (200) <GET https://docs-test.cloudlinux.com/git_for_cpanel.html> (referer: https://docs-test.cloudlinux.com/deprecated.html)
2019-03-15 13:00:00 [scrapy.core.engine] DEBUG: Crawled (200) <GET https://docs-test.cloudlinux.com/lve_stats_old.html> (referer: https://docs-test.cloudlinux.com/git_for_cpanel.html)
2019-03-15 13:00:03 [scrapy.core.engine] DEBUG: Crawled (200) <GET https://docs-test.cloudlinux.com/storing_statistics_in_mysql.html> (referer: https://docs-test.cloudlinux.com/lve_stats_old.html)
2019-03-15 13:00:04 [scrapy.core.engine] DEBUG: Crawled (200) <GET https://docs-test.cloudlinux.com/storing_statistics_in_postgres.html> (referer: https://docs-test.cloudlinux.com/storing_statistics_in_mysql.html)
2019-03-15 13:00:05 [scrapy.core.engine] DEBUG: Crawled (200) <GET https://docs-test.cloudlinux.com/compacting_in_multi-server.html> (referer: https://docs-test.cloudlinux.com/storing_statistics_in_postgres.html)
2019-03-15 13:00:05 [scrapy.core.engine] DEBUG: Crawled (200) <GET https://docs-test.cloudlinux.com/optimumcache.html> (referer: https://docs-test.cloudlinux.com/compacting_in_multi-server.html)
2019-03-15 13:00:13 [scrapy.core.engine] DEBUG: Crawled (200) <GET https://docs-test.cloudlinux.com/optimumcache_installation.html> (referer: https://docs-test.cloudlinux.com/optimumcache.html)
2019-03-15 13:00:14 [scrapy.core.engine] DEBUG: Crawled (200) <GET https://docs-test.cloudlinux.com/optimumcache_without_ploop.html> (referer: https://docs-test.cloudlinux.com/optimumcache_installation.html)
2019-03-15 13:00:19 [scrapy.core.engine] DEBUG: Crawled (200) <GET https://docs-test.cloudlinux.com/marking_directories.html> (referer: https://docs-test.cloudlinux.com/optimumcache_without_ploop.html)
2019-03-15 13:00:22 [scrapy.core.engine] DEBUG: Crawled (200) <GET https://docs-test.cloudlinux.com/configuration_file.html> (referer: https://docs-test.cloudlinux.com/marking_directories.html)
2019-03-15 13:00:26 [scrapy.core.engine] DEBUG: Crawled (200) <GET https://docs-test.cloudlinux.com/command_line_interface.html> (referer: https://docs-test.cloudlinux.com/configuration_file.html)
2019-03-15 13:00:27 [scrapy.core.engine] DEBUG: Crawled (200) <GET https://docs-test.cloudlinux.com/cloudlinux_collect.html> (referer: https://docs-test.cloudlinux.com/command_line_interface.html)
2019-03-15 13:00:35 [scrapy.core.engine] DEBUG: Crawled (200) <GET https://docs-test.cloudlinux.com/uninstall_optimumcache.html> (referer: https://docs-test.cloudlinux.com/cloudlinux_collect.html)
2019-03-15 13:00:38 [scrapy.core.engine] DEBUG: Crawled (200) <GET https://docs-test.cloudlinux.com/optimumcache_troubleshooting.html> (referer: https://docs-test.cloudlinux.com/uninstall_optimumcache.html)
2019-03-15 13:00:38 [scrapy.core.engine] DEBUG: Crawled (200) <GET https://docs-test.cloudlinux.com/hardware_compatibility.html> (referer: https://docs-test.cloudlinux.com/optimumcache_troubleshooting.html)
2019-03-15 13:00:39 [scrapy.core.engine] DEBUG: Crawled (200) <GET https://docs-test.cloudlinux.com/cloudlinux_life-cycle.html> (referer: https://docs-test.cloudlinux.com/hardware_compatibility.html)
2019-03-15 13:00:39 [scrapy.core.engine] DEBUG: Crawled (200) <GET https://docs-test.cloudlinux.com/downloading_documentation.html> (referer: https://docs-test.cloudlinux.com/cloudlinux_life-cycle.html)
2019-03-15 13:00:39 [scrapy.core.engine] INFO: Closing spider (finished)
2019-03-15 13:00:39 [scrapy.statscollectors] INFO: Dumping Scrapy stats:
{'downloader/exception_count': 1,
 'downloader/exception_type_count/twisted.internet.error.TimeoutError': 1,
 'downloader/request_bytes': 91730,
 'downloader/request_count': 294,
 'downloader/request_method_count/GET': 294,
 'downloader/response_bytes': 3354356,
 'downloader/response_count': 293,
 'downloader/response_status_count/200': 292,
 'downloader/response_status_count/404': 1,
 'finish_reason': 'finished',
 'finish_time': datetime.datetime(2019, 3, 15, 11, 0, 39, 883967),
 'log_count/DEBUG': 295,
 'log_count/INFO': 28,
 'memusage/max': 108351488,
 'memusage/startup': 75321344,
 'request_depth_max': 291,
 'response_received_count': 293,
 'retry/count': 1,
 'retry/reason_count/twisted.internet.error.TimeoutError': 1,
 'scheduler/dequeued': 293,
 'scheduler/dequeued/memory': 293,
 'scheduler/enqueued': 293,
 'scheduler/enqueued/memory': 293,
 'start_time': datetime.datetime(2019, 3, 15, 10, 38, 51, 580350)}
2019-03-15 13:00:39 [scrapy.core.engine] INFO: Spider closed (finished)

Process finished with exit code 0
